[2025-07-16T08:53:16.718+0000] {taskinstance.py:1103} INFO - Dependencies all met for dep_context=non-requeueable deps ti=<TaskInstance: dbt_build_monolith.trigger_upload scheduled__2025-07-16T08:49:47.058126+00:00 [queued]>
[2025-07-16T08:53:16.722+0000] {taskinstance.py:1103} INFO - Dependencies all met for dep_context=requeueable deps ti=<TaskInstance: dbt_build_monolith.trigger_upload scheduled__2025-07-16T08:49:47.058126+00:00 [queued]>
[2025-07-16T08:53:16.722+0000] {taskinstance.py:1308} INFO - Starting attempt 1 of 2
[2025-07-16T08:53:16.728+0000] {taskinstance.py:1327} INFO - Executing <Task(TriggerDagRunOperator): trigger_upload> on 2025-07-16 08:49:47.058126+00:00
[2025-07-16T08:53:16.730+0000] {standard_task_runner.py:57} INFO - Started process 300 to run task
[2025-07-16T08:53:16.732+0000] {standard_task_runner.py:84} INFO - Running: ['***', 'tasks', 'run', 'dbt_build_monolith', 'trigger_upload', 'scheduled__2025-07-16T08:49:47.058126+00:00', '--job-id', '54', '--raw', '--subdir', 'DAGS_FOLDER/dbt_build_monolith.py', '--cfg-path', '/tmp/tmpl8i81tyd']
[2025-07-16T08:53:16.733+0000] {standard_task_runner.py:85} INFO - Job 54: Subtask trigger_upload
[2025-07-16T08:53:16.751+0000] {task_command.py:410} INFO - Running <TaskInstance: dbt_build_monolith.trigger_upload scheduled__2025-07-16T08:49:47.058126+00:00 [running]> on host 0f12c04aebf5
[2025-07-16T08:53:16.784+0000] {taskinstance.py:1547} INFO - Exporting env vars: AIRFLOW_CTX_DAG_OWNER='***' AIRFLOW_CTX_DAG_ID='dbt_build_monolith' AIRFLOW_CTX_TASK_ID='trigger_upload' AIRFLOW_CTX_EXECUTION_DATE='2025-07-16T08:49:47.058126+00:00' AIRFLOW_CTX_TRY_NUMBER='1' AIRFLOW_CTX_DAG_RUN_ID='scheduled__2025-07-16T08:49:47.058126+00:00'
[2025-07-16T08:53:16.787+0000] {taskinstance.py:1824} ERROR - Task failed with exception
Traceback (most recent call last):
  File "/home/airflow/.local/lib/python3.7/site-packages/airflow/operators/trigger_dagrun.py", line 140, in execute
    json.dumps(self.conf)
  File "/usr/local/lib/python3.7/json/__init__.py", line 231, in dumps
    return _default_encoder.encode(obj)
  File "/usr/local/lib/python3.7/json/encoder.py", line 199, in encode
    chunks = self.iterencode(o, _one_shot=True)
  File "/usr/local/lib/python3.7/json/encoder.py", line 257, in iterencode
    return _iterencode(o, 0)
  File "/usr/local/lib/python3.7/json/encoder.py", line 179, in default
    raise TypeError(f'Object of type {o.__class__.__name__} '
TypeError: Object of type TriggerConfig is not JSON serializable

During handling of the above exception, another exception occurred:

Traceback (most recent call last):
  File "/home/airflow/.local/lib/python3.7/site-packages/airflow/operators/trigger_dagrun.py", line 142, in execute
    raise AirflowException("conf parameter should be JSON Serializable")
airflow.exceptions.AirflowException: conf parameter should be JSON Serializable
[2025-07-16T08:53:16.789+0000] {taskinstance.py:1350} INFO - Marking task as UP_FOR_RETRY. dag_id=dbt_build_monolith, task_id=trigger_upload, execution_date=20250716T084947, start_date=20250716T085316, end_date=20250716T085316
[2025-07-16T08:53:16.793+0000] {standard_task_runner.py:109} ERROR - Failed to execute job 54 for task trigger_upload (conf parameter should be JSON Serializable; 300)
[2025-07-16T08:53:16.831+0000] {local_task_job_runner.py:225} INFO - Task exited with return code 1
[2025-07-16T08:53:16.839+0000] {taskinstance.py:2653} INFO - 0 downstream tasks scheduled from follow-on schedule check
